::1 - - [23/Feb/2022:19:50:05 +0000] "POST /interaction/like/621617082bfc8fd2c91cbae7 HTTP/1.1" 409 24 "-" "PostmanRuntime/7.29.0"
::1 - - [23/Feb/2022:19:50:14 +0000] "POST /interaction/like/621617082bfc8fd2c91cbae7 HTTP/1.1" 409 24 "-" "PostmanRuntime/7.29.0"
::1 - - [23/Feb/2022:19:55:29 +0000] "GET /user/find/user2@user.com HTTP/1.1" 403 20 "-" "PostmanRuntime/7.29.0"
::1 - - [24/Feb/2022:06:34:54 +0000] "POST /content/post HTTP/1.1" 500 1238 "-" "PostmanRuntime/7.29.0"
::1 - - [24/Feb/2022:06:35:50 +0000] "POST /content/post HTTP/1.1" 500 796 "-" "PostmanRuntime/7.29.0"
::1 - - [24/Feb/2022:06:36:48 +0000] "POST /content/post HTTP/1.1" 201 243 "-" "PostmanRuntime/7.29.0"
::1 - - [24/Feb/2022:06:37:43 +0000] "GET /content/mostRead HTTP/1.1" 200 1477 "-" "PostmanRuntime/7.29.0"
::1 - - [24/Feb/2022:06:39:23 +0000] "POST /content/post HTTP/1.1" 201 249 "-" "PostmanRuntime/7.29.0"
::1 - - [24/Feb/2022:06:40:48 +0000] "POST /content/post HTTP/1.1" 500 556 "-" "PostmanRuntime/7.29.0"
::1 - - [24/Feb/2022:06:53:36 +0000] "POST /content/post HTTP/1.1" 500 556 "-" "PostmanRuntime/7.29.0"
::1 - - [24/Feb/2022:06:54:35 +0000] "GET /content/mostRead HTTP/1.1" 200 1727 "-" "Mozilla/5.0 (Macintosh; Intel Mac OS X 10_15_7) AppleWebKit/537.36 (KHTML, like Gecko) Chrome/98.0.4758.102 Safari/537.36"
::1 - - [24/Feb/2022:06:54:35 +0000] "GET /favicon.ico HTTP/1.1" 404 150 "http://localhost:3000/content/mostRead" "Mozilla/5.0 (Macintosh; Intel Mac OS X 10_15_7) AppleWebKit/537.36 (KHTML, like Gecko) Chrome/98.0.4758.102 Safari/537.36"
::1 - - [24/Feb/2022:06:54:51 +0000] "GET /content/recent HTTP/1.1" 200 1727 "-" "Mozilla/5.0 (Macintosh; Intel Mac OS X 10_15_7) AppleWebKit/537.36 (KHTML, like Gecko) Chrome/98.0.4758.102 Safari/537.36"
::1 - - [24/Feb/2022:06:57:20 +0000] "POST /content/post HTTP/1.1" 201 252 "-" "PostmanRuntime/7.29.0"
::1 - - [24/Feb/2022:07:00:27 +0000] "POST /user/test/test1.csv HTTP/1.1" 201 32 "-" "PostmanRuntime/7.29.0"
::1 - - [24/Feb/2022:07:00:48 +0000] "POST /content/test/test1.csv HTTP/1.1" 404 14 "-" "PostmanRuntime/7.29.0"
::1 - - [24/Feb/2022:07:01:52 +0000] "POST /content/test/test1.csv HTTP/1.1" 404 14 "-" "PostmanRuntime/7.29.0"
::1 - - [24/Feb/2022:07:04:01 +0000] "POST /content/test/test1.csv HTTP/1.1" 201 35 "-" "PostmanRuntime/7.29.0"
::1 - - [24/Feb/2022:07:06:07 +0000] "POST /user/test/test1.csv HTTP/1.1" 201 32 "-" "PostmanRuntime/7.29.0"
::1 - - [24/Feb/2022:07:07:19 +0000] "POST /user/test/test1.csv HTTP/1.1" 201 32 "-" "PostmanRuntime/7.29.0"
::1 - - [24/Feb/2022:07:08:17 +0000] "POST /user/test/test1.csv HTTP/1.1" 201 32 "-" "PostmanRuntime/7.29.0"
::1 - - [24/Feb/2022:07:08:22 +0000] "POST /user/test/test1.csv HTTP/1.1" 504 - "-" "PostmanRuntime/7.29.0"
::1 - - [24/Feb/2022:07:09:56 +0000] "POST /user/test/test1.csv HTTP/1.1" 201 32 "-" "PostmanRuntime/7.29.0"
::1 - - [24/Feb/2022:07:10:22 +0000] "POST /user/test/test1.csv HTTP/1.1" 201 32 "-" "PostmanRuntime/7.29.0"
::1 - - [24/Feb/2022:07:10:26 +0000] "POST /user/test/test1.csv HTTP/1.1" 504 - "-" "PostmanRuntime/7.29.0"
::1 - - [24/Feb/2022:07:11:32 +0000] "POST /user/test/test1.csv HTTP/1.1" 500 77 "-" "PostmanRuntime/7.29.0"
::1 - - [24/Feb/2022:07:12:49 +0000] "POST /user/test/test1.csv HTTP/1.1" 500 77 "-" "PostmanRuntime/7.29.0"
::1 - - [24/Feb/2022:07:14:17 +0000] "POST /content/test/test1.csv HTTP/1.1" 201 35 "-" "PostmanRuntime/7.29.0"
::1 - - [24/Feb/2022:07:14:21 +0000] "GET /content/mostLiked HTTP/1.1" 200 3444 "-" "PostmanRuntime/7.29.0"
::1 - - [24/Feb/2022:07:40:45 +0000] "GET /content/mostRead HTTP/1.1" 200 2 "-" "PostmanRuntime/7.29.0"
::1 - - [24/Feb/2022:07:40:54 +0000] "GET /content/mostLiked HTTP/1.1" 200 2 "-" "PostmanRuntime/7.29.0"
::1 - - [24/Feb/2022:07:40:57 +0000] "POST /content/post HTTP/1.1" 201 252 "-" "PostmanRuntime/7.29.0"
::1 - - [24/Feb/2022:07:44:16 +0000] "GET /content/recent HTTP/1.1" 200 2 "-" "PostmanRuntime/7.29.0"
::1 - - [24/Feb/2022:07:44:55 +0000] "GET /content/recent HTTP/1.1" 200 2 "-" "PostmanRuntime/7.29.0"
::1 - - [24/Feb/2022:07:45:51 +0000] "GET /content/recent HTTP/1.1" 200 2 "-" "PostmanRuntime/7.29.0"
::1 - - [24/Feb/2022:07:47:23 +0000] "GET /content/mostRead HTTP/1.1" 200 2 "-" "PostmanRuntime/7.29.0"
::1 - - [24/Feb/2022:07:47:48 +0000] "GET /content/mostRead HTTP/1.1" 200 2 "-" "PostmanRuntime/7.29.0"
::1 - - [24/Feb/2022:07:50:09 +0000] "GET /content/mostRead HTTP/1.1" 200 2 "-" "PostmanRuntime/7.29.0"
::1 - - [24/Feb/2022:07:50:54 +0000] "GET /content/recent HTTP/1.1" 200 2 "-" "PostmanRuntime/7.29.0"
::1 - - [24/Feb/2022:07:51:22 +0000] "GET /content/recent HTTP/1.1" 200 2 "-" "PostmanRuntime/7.29.0"
::1 - - [24/Feb/2022:07:51:58 +0000] "GET /content/recent HTTP/1.1" 200 3697 "-" "PostmanRuntime/7.29.0"
::1 - - [24/Feb/2022:08:13:17 +0000] "POST /user/test/test1.csv HTTP/1.1" 500 2 "-" "PostmanRuntime/7.29.0"
::1 - - [24/Feb/2022:08:14:09 +0000] "POST /user/test/test1.csv HTTP/1.1" 500 2 "-" "PostmanRuntime/7.29.0"
::1 - - [24/Feb/2022:08:14:23 +0000] "POST /user/test/test1.csv HTTP/1.1" 500 2 "-" "PostmanRuntime/7.29.0"
::1 - - [24/Feb/2022:08:14:29 +0000] "POST /user/test/test1.csv HTTP/1.1" 500 2 "-" "PostmanRuntime/7.29.0"
::1 - - [24/Feb/2022:08:16:18 +0000] "POST /user/test/test1.csv HTTP/1.1" 500 2 "-" "PostmanRuntime/7.29.0"
::1 - - [24/Feb/2022:08:20:47 +0000] "POST /user/test/test1.csv HTTP/1.1" 500 2 "-" "PostmanRuntime/7.29.0"
::1 - - [24/Feb/2022:08:21:24 +0000] "POST /user/test/test1.csv HTTP/1.1" 500 2 "-" "PostmanRuntime/7.29.0"
::1 - - [24/Feb/2022:08:22:11 +0000] "POST /user/test/test1.csv HTTP/1.1" 400 33 "-" "PostmanRuntime/7.29.0"
::1 - - [24/Feb/2022:08:22:44 +0000] "POST /user/test/test1.csv HTTP/1.1" 500 2 "-" "PostmanRuntime/7.29.0"
::1 - - [24/Feb/2022:08:23:06 +0000] "POST /user/test/test1.csv HTTP/1.1" 500 2 "-" "PostmanRuntime/7.29.0"
::1 - - [24/Feb/2022:08:23:11 +0000] "POST /user/test/test1.csv HTTP/1.1" 500 2 "-" "PostmanRuntime/7.29.0"
::1 - - [24/Feb/2022:08:23:34 +0000] "POST /user/test/test1.csv HTTP/1.1" 500 2 "-" "PostmanRuntime/7.29.0"
::1 - - [24/Feb/2022:08:25:12 +0000] "POST /user/test/test1.csv HTTP/1.1" 201 27 "-" "PostmanRuntime/7.29.0"
::1 - - [24/Feb/2022:08:25:53 +0000] "POST /user/test/test1.csv HTTP/1.1" 500 2 "-" "PostmanRuntime/7.29.0"
::1 - - [24/Feb/2022:08:26:10 +0000] "POST /user/test/test1.csv HTTP/1.1" 500 2 "-" "PostmanRuntime/7.29.0"
::1 - - [24/Feb/2022:08:26:22 +0000] "POST /user/test/test1.csv HTTP/1.1" 500 2 "-" "PostmanRuntime/7.29.0"
::1 - - [24/Feb/2022:08:27:22 +0000] "POST /user/test/test1.csv HTTP/1.1" 500 2 "-" "PostmanRuntime/7.29.0"
::1 - - [24/Feb/2022:08:28:14 +0000] "POST /user/test/test1.csv HTTP/1.1" 500 2 "-" "PostmanRuntime/7.29.0"
::1 - - [24/Feb/2022:08:28:28 +0000] "POST /user/test/test1.csv HTTP/1.1" 200 30 "-" "PostmanRuntime/7.29.0"
::1 - - [24/Feb/2022:08:29:08 +0000] "POST /user/test/test1.csv HTTP/1.1" 200 30 "-" "PostmanRuntime/7.29.0"
::1 - - [24/Feb/2022:08:31:58 +0000] "POST /user/test/test1.csv HTTP/1.1" 400 33 "-" "PostmanRuntime/7.29.0"
::1 - - [24/Feb/2022:08:33:58 +0000] "POST /user/test/test1.csv HTTP/1.1" 201 30 "-" "PostmanRuntime/7.29.0"
::1 - - [24/Feb/2022:08:34:31 +0000] "POST /user/test/test1.csv HTTP/1.1" 400 33 "-" "PostmanRuntime/7.29.0"
::1 - - [24/Feb/2022:08:34:46 +0000] "POST /user/test/test1.csv HTTP/1.1" 400 33 "-" "PostmanRuntime/7.29.0"
::1 - - [24/Feb/2022:08:35:04 +0000] "POST /user/test/test1.csv HTTP/1.1" 504 - "-" "PostmanRuntime/7.29.0"
::1 - - [24/Feb/2022:08:35:10 +0000] "POST /user/test/test1.csv HTTP/1.1" 400 33 "-" "PostmanRuntime/7.29.0"
::1 - - [24/Feb/2022:08:37:58 +0000] "POST /user/test/test1.csv HTTP/1.1" 200 30 "-" "PostmanRuntime/7.29.0"
::1 - - [24/Feb/2022:08:40:04 +0000] "POST /user/test/test1.csv HTTP/1.1" 400 33 "-" "PostmanRuntime/7.29.0"
::1 - - [24/Feb/2022:08:40:46 +0000] "POST /user/test/test1.csv HTTP/1.1" 400 33 "-" "PostmanRuntime/7.29.0"
::1 - - [24/Feb/2022:08:40:47 +0000] "POST /user/test/test1.csv HTTP/1.1" 400 33 "-" "PostmanRuntime/7.29.0"
::1 - - [24/Feb/2022:08:41:15 +0000] "POST /user/test/test1.csv HTTP/1.1" 200 30 "-" "PostmanRuntime/7.29.0"
::1 - - [24/Feb/2022:08:43:55 +0000] "POST /user/test/test1.csv HTTP/1.1" 500 25 "-" "PostmanRuntime/7.29.0"
::1 - - [24/Feb/2022:08:44:44 +0000] "POST /user/test/test1.csv HTTP/1.1" 500 25 "-" "PostmanRuntime/7.29.0"
::1 - - [24/Feb/2022:08:44:58 +0000] "POST /user/test/test1.csv HTTP/1.1" 500 25 "-" "PostmanRuntime/7.29.0"
::1 - - [24/Feb/2022:08:45:40 +0000] "POST /user/test/test1.csv HTTP/1.1" 500 25 "-" "PostmanRuntime/7.29.0"
::1 - - [24/Feb/2022:08:46:43 +0000] "POST /user/test/test1.csv HTTP/1.1" 500 25 "-" "PostmanRuntime/7.29.0"
::1 - - [24/Feb/2022:08:47:31 +0000] "POST /user/test/test1.csv HTTP/1.1" - - "-" "PostmanRuntime/7.29.0"
::1 - - [24/Feb/2022:08:47:56 +0000] "POST /user/test/test1.csv HTTP/1.1" 200 30 "-" "PostmanRuntime/7.29.0"
::1 - - [24/Feb/2022:08:48:31 +0000] "POST /user/test/test1.csv HTTP/1.1" 200 30 "-" "PostmanRuntime/7.29.0"
::1 - - [24/Feb/2022:08:49:16 +0000] "POST /user/test/test1.csv HTTP/1.1" 200 30 "-" "PostmanRuntime/7.29.0"
::1 - - [24/Feb/2022:09:25:30 +0000] "POST /user/test/test1.csv HTTP/1.1" 200 30 "-" "PostmanRuntime/7.29.0"
::1 - - [24/Feb/2022:09:46:20 +0000] "POST /interaction/read/621617082bfc8fd2c HTTP/1.1" 500 0 "-" "PostmanRuntime/7.29.0"
::1 - - [24/Feb/2022:09:46:34 +0000] "POST /interaction/read/621617082bfc8fd2c91cbae7 HTTP/1.1" 409 23 "-" "PostmanRuntime/7.29.0"
::1 - - [24/Feb/2022:09:58:29 +0000] "POST /interaction/like/621617082bfc8fd2c91cbae7 HTTP/1.1" 409 24 "-" "PostmanRuntime/7.29.0"
::1 - - [24/Feb/2022:09:58:32 +0000] "POST /interaction/like/621617082bfc8fd2c91cbae7 HTTP/1.1" 409 24 "-" "PostmanRuntime/7.29.0"
::1 - - [24/Feb/2022:09:58:36 +0000] "POST /interaction/like/621617082bfc8fd2c9 HTTP/1.1" 500 2 "-" "PostmanRuntime/7.29.0"
::1 - - [24/Feb/2022:09:59:01 +0000] "POST /interaction/like/621617082bfc8fd2c9 HTTP/1.1" 500 2 "-" "PostmanRuntime/7.29.0"
::1 - - [24/Feb/2022:09:59:20 +0000] "POST /interaction/like/621617082bfc8fd2c91cbae7 HTTP/1.1" 409 24 "-" "PostmanRuntime/7.29.0"
::1 - - [24/Feb/2022:09:59:44 +0000] "POST /interaction/like/621617082bfc8fd2c91cbae HTTP/1.1" 500 2 "-" "PostmanRuntime/7.29.0"
::1 - - [24/Feb/2022:10:00:13 +0000] "POST /interaction/like/621617082bfc8fd2c91cbae HTTP/1.1" 500 21 "-" "PostmanRuntime/7.29.0"
::1 - - [24/Feb/2022:10:01:04 +0000] "POST /interaction/like/621617082bfc8fd2c91cbae HTTP/1.1" 500 23 "-" "PostmanRuntime/7.29.0"
::1 - - [24/Feb/2022:10:03:37 +0000] "POST /interaction/like/621617082bfc8fd2c91cbae HTTP/1.1" 500 0 "-" "PostmanRuntime/7.29.0"
::1 - - [24/Feb/2022:10:03:48 +0000] "POST /interaction/like/621617082bfc8fd2c91cbae HTTP/1.1" 500 0 "-" "PostmanRuntime/7.29.0"
::1 - - [24/Feb/2022:10:04:06 +0000] "POST /interaction/like/621617082bfc8fd2c91cbae HTTP/1.1" 500 0 "-" "PostmanRuntime/7.29.0"
::1 - - [24/Feb/2022:10:05:35 +0000] "POST /interaction/like/621617082bfc8fd2c91cbae HTTP/1.1" 500 0 "-" "PostmanRuntime/7.29.0"
::1 - - [24/Feb/2022:10:08:24 +0000] "POST /interaction/like/621617082bfc8fd2c91cbae HTTP/1.1" 500 0 "-" "PostmanRuntime/7.29.0"
::1 - - [24/Feb/2022:10:09:23 +0000] "POST /interaction/like/621617082bfc8fd2c91cbae HTTP/1.1" 400 0 "-" "PostmanRuntime/7.29.0"
::1 - - [24/Feb/2022:10:12:35 +0000] "POST /interaction/like/621617082bfc8fd2c91cbae HTTP/1.1" 400 21 "-" "PostmanRuntime/7.29.0"
::1 - - [24/Feb/2022:10:12:56 +0000] "POST /interaction/like/621617082bfc8fd2c91cbae HTTP/1.1" 400 21 "-" "PostmanRuntime/7.29.0"
::1 - - [24/Feb/2022:10:12:59 +0000] "POST /interaction/like/621617082bfc8fd2c91cbae HTTP/1.1" 400 21 "-" "PostmanRuntime/7.29.0"
::1 - - [24/Feb/2022:10:13:18 +0000] "POST /interaction/like/621617082bfc8fd2c91cbae HTTP/1.1" 500 21 "-" "PostmanRuntime/7.29.0"
::1 - - [24/Feb/2022:10:13:22 +0000] "POST /interaction/like/621617082bfc8fd2c91cbae HTTP/1.1" 500 21 "-" "PostmanRuntime/7.29.0"
::1 - - [24/Feb/2022:10:14:30 +0000] "POST /interaction/like/621617082bfc8fd2c91cbae HTTP/1.1" 400 21 "-" "PostmanRuntime/7.29.0"
::1 - - [24/Feb/2022:10:14:55 +0000] "POST /interaction/like/621617082bfc8fd2c91cbae HTTP/1.1" 400 21 "-" "PostmanRuntime/7.29.0"
::1 - - [24/Feb/2022:10:25:02 +0000] "POST /user/login HTTP/1.1" 200 245 "-" "PostmanRuntime/7.29.0"
::1 - - [24/Feb/2022:10:25:08 +0000] "POST /user/register HTTP/1.1" 201 272 "-" "PostmanRuntime/7.29.0"
::1 - - [24/Feb/2022:10:25:18 +0000] "PUT /user/update/ HTTP/1.1" 200 270 "-" "PostmanRuntime/7.29.0"
::1 - - [24/Feb/2022:10:25:24 +0000] "DELETE /user/delete/user4@user.com HTTP/1.1" 403 20 "-" "PostmanRuntime/7.29.0"
::1 - - [24/Feb/2022:10:25:41 +0000] "GET /user/find/user2@user.com HTTP/1.1" 403 20 "-" "PostmanRuntime/7.29.0"
::1 - - [24/Feb/2022:10:25:45 +0000] "POST /user/test/test1.csv HTTP/1.1" 200 30 "-" "PostmanRuntime/7.29.0"
::1 - - [24/Feb/2022:10:26:12 +0000] "POST /user/test/test1.csv HTTP/1.1" 200 30 "-" "PostmanRuntime/7.29.0"
::1 - - [24/Feb/2022:10:26:21 +0000] "POST /content/post HTTP/1.1" 201 243 "-" "PostmanRuntime/7.29.0"
::1 - - [24/Feb/2022:10:26:26 +0000] "GET /content/mostRead HTTP/1.1" 200 3941 "-" "PostmanRuntime/7.29.0"
::1 - - [24/Feb/2022:10:26:31 +0000] "GET /content/mostRead HTTP/1.1" 200 3941 "-" "PostmanRuntime/7.29.0"
::1 - - [24/Feb/2022:10:26:44 +0000] "GET /content/mostLiked HTTP/1.1" 200 3941 "-" "PostmanRuntime/7.29.0"
::1 - - [24/Feb/2022:10:26:49 +0000] "POST /user/test/test1.csv HTTP/1.1" 200 30 "-" "PostmanRuntime/7.29.0"
::1 - - [24/Feb/2022:10:27:07 +0000] "POST /content/test/test1.csv HTTP/1.1" 201 35 "-" "PostmanRuntime/7.29.0"
::1 - - [24/Feb/2022:10:27:23 +0000] "POST /interaction/like/621617082bfc8fd2c91cbae HTTP/1.1" 400 21 "-" "PostmanRuntime/7.29.0"
::1 - - [24/Feb/2022:10:27:25 +0000] "POST /interaction/read/621617082bfc8fd2c91cbae7 HTTP/1.1" 409 23 "-" "PostmanRuntime/7.29.0"
::1 - - [24/Feb/2022:10:27:29 +0000] "POST /interaction/read/621524efd2d91c8ed3f00c37 HTTP/1.1" 200 28 "-" "PostmanRuntime/7.29.0"
::1 - - [24/Feb/2022:10:27:36 +0000] "POST /interaction/like/621524efd2d91c8ed3f00c37 HTTP/1.1" 200 29 "-" "PostmanRuntime/7.29.0"
::1 - - [24/Feb/2022:10:29:52 +0000] "DELETE /content/delete/621524efd2d91c8ed3f00c3 HTTP/1.1" 401 41 "-" "PostmanRuntime/7.29.0"
::1 - - [24/Feb/2022:10:30:01 +0000] "DELETE /content/delete/621524efd2d91c8ed3f00c3 HTTP/1.1" 403 20 "-" "PostmanRuntime/7.29.0"
::1 - - [24/Feb/2022:10:30:34 +0000] "DELETE /content/delete/621524efd2d91c8ed3f00c3 HTTP/1.1" 403 20 "-" "PostmanRuntime/7.29.0"
::1 - - [24/Feb/2022:10:31:04 +0000] "DELETE /content/delete/62172de1d48f4fc32ec59ab HTTP/1.1" 403 20 "-" "PostmanRuntime/7.29.0"
::1 - - [24/Feb/2022:10:31:21 +0000] "DELETE /content/delete/62172de1d48f4fc32ec59ab HTTP/1.1" 403 21 "-" "PostmanRuntime/7.29.0"
::1 - - [24/Feb/2022:10:32:00 +0000] "POST /content/post HTTP/1.1" 403 20 "-" "PostmanRuntime/7.29.0"
::1 - - [24/Feb/2022:10:32:19 +0000] "DELETE /content/delete/62172de1d48f4fc32ec59ab5 HTTP/1.1" 403 20 "-" "PostmanRuntime/7.29.0"
::1 - - [24/Feb/2022:10:33:18 +0000] "DELETE /content/delete/62172de1d48f4fc32ec59ab5 HTTP/1.1" 200 26 "-" "PostmanRuntime/7.29.0"
::1 - - [24/Feb/2022:10:34:35 +0000] "PUT /content/update/ HTTP/1.1" 404 154 "-" "PostmanRuntime/7.29.0"
::1 - - [24/Feb/2022:10:34:48 +0000] "PUT /content/update/62172de1d48f4fc32ec59ab5 HTTP/1.1" 404 23 "-" "PostmanRuntime/7.29.0"
::1 - - [24/Feb/2022:10:39:36 +0000] "GET /content/findByAuthor/user3@user.com HTTP/1.1" 404 174 "-" "PostmanRuntime/7.29.0"
::1 - - [24/Feb/2022:10:40:22 +0000] "GET /content/findByAuthor/user3@user.com HTTP/1.1" 404 174 "-" "PostmanRuntime/7.29.0"
::1 - - [24/Feb/2022:10:51:11 +0000] "GET /content/findByAuthor/user3@user.com HTTP/1.1" 404 174 "-" "PostmanRuntime/7.29.0"
::1 - - [24/Feb/2022:10:51:40 +0000] "GET /content/findByAuthor/user3@user.com HTTP/1.1" 200 489 "-" "PostmanRuntime/7.29.0"
::1 - - [24/Feb/2022:10:51:57 +0000] "PUT /content/update/62173049b8be7237bcd13f5d HTTP/1.1" 200 243 "-" "PostmanRuntime/7.29.0"
::1 - - [24/Feb/2022:10:52:15 +0000] "PUT /content/update/62173049b8be7237bcd13f5d HTTP/1.1" 403 20 "-" "PostmanRuntime/7.29.0"
::1 - - [24/Feb/2022:10:52:20 +0000] "PUT /content/update/62173049b8be7237bcd13f5d HTTP/1.1" 200 243 "-" "PostmanRuntime/7.29.0"
::1 - - [24/Feb/2022:10:52:30 +0000] "PUT /content/update/62173049b8be7237bcd13f5d HTTP/1.1" 200 250 "-" "PostmanRuntime/7.29.0"
::1 - - [24/Feb/2022:10:52:36 +0000] "GET /content/findByAuthor/user3@user.com HTTP/1.1" 200 496 "-" "PostmanRuntime/7.29.0"
::1 - - [24/Feb/2022:10:52:58 +0000] "GET /content/findByAuthor/user3@user.com HTTP/1.1" 200 496 "-" "PostmanRuntime/7.29.0"
::1 - - [24/Feb/2022:10:53:17 +0000] "PUT /content/update/62173049b8be7237bcd13f5d HTTP/1.1" 200 256 "-" "PostmanRuntime/7.29.0"
::1 - - [24/Feb/2022:10:53:29 +0000] "DELETE /content/delete/62172de1d48f4fc32ec59ab5 HTTP/1.1" 404 23 "-" "PostmanRuntime/7.29.0"
::1 - - [24/Feb/2022:10:53:33 +0000] "DELETE /content/delete/62173049b8be7237bcd13f5d HTTP/1.1" 200 26 "-" "PostmanRuntime/7.29.0"
::1 - - [24/Feb/2022:10:53:40 +0000] "POST /interaction/read/62173049b8be7237bcd13f5d HTTP/1.1" 400 21 "-" "PostmanRuntime/7.29.0"
::1 - - [24/Feb/2022:10:53:43 +0000] "GET /content/findByAuthor/user3@user.com HTTP/1.1" 200 245 "-" "PostmanRuntime/7.29.0"
::1 - - [24/Feb/2022:10:53:49 +0000] "POST /interaction/read/62175d7b54ccb6a913276d22 HTTP/1.1" 200 28 "-" "PostmanRuntime/7.29.0"
::1 - - [24/Feb/2022:10:53:54 +0000] "POST /interaction/like/62175d7b54ccb6a913276d22 HTTP/1.1" 200 29 "-" "PostmanRuntime/7.29.0"
::1 - - [24/Feb/2022:10:53:59 +0000] "GET /content/mostLiked HTTP/1.1" 200 4224 "-" "PostmanRuntime/7.29.0"
